<?xml version="1.0" encoding="UTF-8"?>
<!-- Generated by org.testng.reporters.JUnitReportReporter -->
<testsuite skipped="0" hostname="DESKTOP-IP9R1IG" name="com.AAapple.tests.SignUpPageTest" tests="2" failures="0" timestamp="04 Sep 2020 01:08:26 GMT" time="68.781" errors="0">
  <testcase name="test1" time="31.783" classname="com.AAapple.tests.SignUpPageTest"/>
  <testcase name="test2" time="36.998" classname="com.AAapple.tests.SignUpPageTest"/>
</testsuite> <!-- com.AAapple.tests.SignUpPageTest -->
